Started OPTIONS "/api/data/save" for 127.0.0.1 at 2024-04-09 11:02:20 +0200
  [1m[35m (10.0ms)[0m  [1m[34mSELECT sqlite_version(*)[0m
  
ActionController::RoutingError (No route matches [OPTIONS] "/api/data/save"):
  
Started GET "/" for 127.0.0.1 at 2024-04-09 11:02:37 +0200
Processing by Rails::WelcomeController#index as HTML
  Rendering /usr/share/rvm/gems/ext-2.7.8/gems/railties-6.1.7.7/lib/rails/templates/rails/welcome/index.html.erb
  Rendered /usr/share/rvm/gems/ext-2.7.8/gems/railties-6.1.7.7/lib/rails/templates/rails/welcome/index.html.erb (Duration: 16.5ms | Allocations: 403)
Completed 200 OK in 69ms (Views: 37.0ms | ActiveRecord: 0.0ms | Allocations: 3460)


Started GET "/favicon.ico" for 127.0.0.1 at 2024-04-09 11:02:37 +0200
  
ActionController::RoutingError (No route matches [GET] "/favicon.ico"):
  
Started POST "/api/data/save" for 127.0.0.1 at 2024-04-09 11:05:47 +0200
  [1m[35m (1.7ms)[0m  [1m[34mSELECT sqlite_version(*)[0m
  
ArgumentError (Before process_action callback :verify_authenticity_token has not been defined):
  
app/controllers/api/data_controller.rb:2:in `<class:DataController>'
app/controllers/api/data_controller.rb:1:in `<main>'
Started POST "/api/data/save" for 127.0.0.1 at 2024-04-09 11:05:50 +0200
  
ArgumentError (Before process_action callback :verify_authenticity_token has not been defined):
  
app/controllers/api/data_controller.rb:2:in `<class:DataController>'
app/controllers/api/data_controller.rb:1:in `<main>'
Started POST "/api/data/save" for 127.0.0.1 at 2024-04-09 11:05:53 +0200
  
ArgumentError (Before process_action callback :verify_authenticity_token has not been defined):
  
app/controllers/api/data_controller.rb:2:in `<class:DataController>'
app/controllers/api/data_controller.rb:1:in `<main>'
Started POST "/api/data/save" for 127.0.0.1 at 2024-04-09 11:05:54 +0200
  
ArgumentError (Before process_action callback :verify_authenticity_token has not been defined):
  
app/controllers/api/data_controller.rb:2:in `<class:DataController>'
app/controllers/api/data_controller.rb:1:in `<main>'
Started POST "/api/data/save" for 127.0.0.1 at 2024-04-09 11:05:55 +0200
  
ArgumentError (Before process_action callback :verify_authenticity_token has not been defined):
  
app/controllers/api/data_controller.rb:2:in `<class:DataController>'
app/controllers/api/data_controller.rb:1:in `<main>'
Started POST "/api/data/save" for 127.0.0.1 at 2024-04-09 11:05:56 +0200
  
ArgumentError (Before process_action callback :verify_authenticity_token has not been defined):
  
app/controllers/api/data_controller.rb:2:in `<class:DataController>'
app/controllers/api/data_controller.rb:1:in `<main>'
Started POST "/api/data/save" for 127.0.0.1 at 2024-04-09 11:05:57 +0200
  
ArgumentError (Before process_action callback :verify_authenticity_token has not been defined):
  
app/controllers/api/data_controller.rb:2:in `<class:DataController>'
app/controllers/api/data_controller.rb:1:in `<main>'
Started POST "/api/data/save" for 127.0.0.1 at 2024-04-09 11:05:57 +0200
  
ArgumentError (Before process_action callback :verify_authenticity_token has not been defined):
  
app/controllers/api/data_controller.rb:2:in `<class:DataController>'
app/controllers/api/data_controller.rb:1:in `<main>'
Started POST "/api/data/save" for 127.0.0.1 at 2024-04-09 11:05:58 +0200
  
ArgumentError (Before process_action callback :verify_authenticity_token has not been defined):
  
app/controllers/api/data_controller.rb:2:in `<class:DataController>'
app/controllers/api/data_controller.rb:1:in `<main>'
Started POST "/api/data/save" for 127.0.0.1 at 2024-04-09 11:06:02 +0200
  
ArgumentError (Before process_action callback :verify_authenticity_token has not been defined):
  
app/controllers/api/data_controller.rb:2:in `<class:DataController>'
app/controllers/api/data_controller.rb:1:in `<main>'
Started POST "/api/data/save" for 127.0.0.1 at 2024-04-09 11:08:09 +0200
  [1m[35m (1.3ms)[0m  [1m[34mSELECT sqlite_version(*)[0m
Processing by Api::DataController#save as */*
  Parameters: {"array_data"=>[1, 0, 0, 0, 0, 0, 0, 0, 0], "datum"=>{"array_data"=>[1, 0, 0, 0, 0, 0, 0, 0, 0]}}
Completed 200 OK in 12ms (Views: 0.5ms | ActiveRecord: 0.0ms | Allocations: 2743)


Started POST "/api/data/save" for 127.0.0.1 at 2024-04-09 11:08:12 +0200
Processing by Api::DataController#save as */*
  Parameters: {"array_data"=>[0, 0, 0, 0, 1, 0, 0, 0, 0], "datum"=>{"array_data"=>[0, 0, 0, 0, 1, 0, 0, 0, 0]}}
Completed 200 OK in 2ms (Views: 0.6ms | ActiveRecord: 0.0ms | Allocations: 150)


Started POST "/api/data/save" for 127.0.0.1 at 2024-04-09 11:08:19 +0200
Processing by Api::DataController#save as */*
  Parameters: {"array_data"=>[0, 0, 0, 0, 0, 0, 0, 0, 1], "datum"=>{"array_data"=>[0, 0, 0, 0, 0, 0, 0, 0, 1]}}
Completed 200 OK in 2ms (Views: 1.0ms | ActiveRecord: 0.0ms | Allocations: 150)


Started POST "/api/data/save" for 127.0.0.1 at 2024-04-09 11:08:51 +0200
  [1m[35m (1.0ms)[0m  [1m[34mSELECT sqlite_version(*)[0m
Processing by Api::DataController#save as */*
  Parameters: {"array_data"=>[1, 0, 0, 0, 0, 0, 0, 0, 0], "datum"=>{"array_data"=>[1, 0, 0, 0, 0, 0, 0, 0, 0]}}
Completed 200 OK in 11ms (Views: 0.5ms | ActiveRecord: 0.0ms | Allocations: 2743)


Started POST "/api/data/save" for 127.0.0.1 at 2024-04-09 11:09:28 +0200
Processing by Api::DataController#save as */*
  Parameters: {"array_data"=>[1, 0, 0, 0, 0, 0, 0, 0, 0], "datum"=>{"array_data"=>[1, 0, 0, 0, 0, 0, 0, 0, 0]}}
Completed 200 OK in 2ms (Views: 0.7ms | Allocations: 167)


Started POST "/api/data/save" for 127.0.0.1 at 2024-04-09 11:11:27 +0200
Processing by Api::DataController#save as */*
  Parameters: {"array_data"=>[1, 0, 0, 0, 0, 0, 0, 0, 0], "datum"=>{"array_data"=>[1, 0, 0, 0, 0, 0, 0, 0, 0]}}
Completed 200 OK in 2ms (Views: 0.6ms | Allocations: 150)


Started POST "/api/data/save" for 127.0.0.1 at 2024-04-09 11:19:23 +0200
Processing by Api::DataController#save as */*
  Parameters: {"array_data"=>[1, 0, 0, 0, 0, 0, 0, 0, 0], "datum"=>{"array_data"=>[1, 0, 0, 0, 0, 0, 0, 0, 0]}}
Completed 200 OK in 4ms (Views: 1.0ms | Allocations: 150)


Started POST "/api/data/save" for 127.0.0.1 at 2024-04-09 11:19:30 +0200
Processing by Api::DataController#save as */*
  Parameters: {"array_data"=>[1, 0, 0, 0, 0, 0, 0, 0, 0], "datum"=>{"array_data"=>[1, 0, 0, 0, 0, 0, 0, 0, 0]}}
Completed 200 OK in 3ms (Views: 0.9ms | Allocations: 150)


Started PUT "/api/data/save" for 127.0.0.1 at 2024-04-09 11:24:15 +0200
  [1m[35m (1.6ms)[0m  [1m[34mSELECT sqlite_version(*)[0m
  
ActionController::RoutingError (No route matches [PUT] "/api/data/save"):
  
Started PUT "/api/data/save" for 127.0.0.1 at 2024-04-09 11:24:17 +0200
  
ActionController::RoutingError (No route matches [PUT] "/api/data/save"):
  
Started PUT "/api/data/save" for 127.0.0.1 at 2024-04-09 11:24:19 +0200
  
ActionController::RoutingError (No route matches [PUT] "/api/data/save"):
  
Started PUT "/api/data/save" for 127.0.0.1 at 2024-04-09 11:24:20 +0200
  
ActionController::RoutingError (No route matches [PUT] "/api/data/save"):
  
Started PUT "/api/data/save" for 127.0.0.1 at 2024-04-09 11:24:21 +0200
  
ActionController::RoutingError (No route matches [PUT] "/api/data/save"):
  
Started PUT "/api/data/save" for 127.0.0.1 at 2024-04-09 11:24:22 +0200
  
ActionController::RoutingError (No route matches [PUT] "/api/data/save"):
  
Started PUT "/api/data/save" for 127.0.0.1 at 2024-04-09 11:24:23 +0200
  
ActionController::RoutingError (No route matches [PUT] "/api/data/save"):
  
Started PUT "/api/data/save" for 127.0.0.1 at 2024-04-09 11:24:37 +0200
  [1m[35m (0.7ms)[0m  [1m[34mSELECT sqlite_version(*)[0m
Processing by Api::DataController#save as */*
  Parameters: {"array_data"=>[1, 0, 0, 0, 0, 0, 0, 0, 0], "datum"=>{"array_data"=>[1, 0, 0, 0, 0, 0, 0, 0, 0]}}
Completed 200 OK in 9ms (Views: 0.5ms | ActiveRecord: 0.0ms | Allocations: 2743)


Started PUT "/api/data/save" for 127.0.0.1 at 2024-04-09 11:24:40 +0200
Processing by Api::DataController#save as */*
  Parameters: {"array_data"=>[1, 0, 0, 0, 0, 0, 0, 0, 0], "datum"=>{"array_data"=>[1, 0, 0, 0, 0, 0, 0, 0, 0]}}
Completed 200 OK in 2ms (Views: 0.5ms | ActiveRecord: 0.0ms | Allocations: 150)


Started POST "/api/data/save" for 127.0.0.1 at 2024-04-09 11:26:04 +0200
  [1m[35m (4.9ms)[0m  [1m[34mSELECT sqlite_version(*)[0m
Processing by Api::DataController#save as */*
  Parameters: {"array_data"=>[1, 0, 0, 0, 0, 0, 0, 0, 0], "datum"=>{"array_data"=>[1, 0, 0, 0, 0, 0, 0, 0, 0]}}
Completed 200 OK in 9ms (Views: 0.5ms | ActiveRecord: 0.0ms | Allocations: 2743)


Started POST "/api/data/save" for 127.0.0.1 at 2024-04-09 11:26:09 +0200
Processing by Api::DataController#save as */*
  Parameters: {"array_data"=>[0, 1, 0, 0, 0, 0, 0, 0, 0], "datum"=>{"array_data"=>[0, 1, 0, 0, 0, 0, 0, 0, 0]}}
Completed 200 OK in 2ms (Views: 0.7ms | ActiveRecord: 0.0ms | Allocations: 150)


Started TEST "/api/data/save" for 127.0.0.1 at 2024-04-09 11:37:12 +0200
  
ActionController::UnknownHttpMethod (TEST, accepted HTTP methods are OPTIONS, GET, HEAD, POST, PUT, DELETE, TRACE, CONNECT, PROPFIND, PROPPATCH, MKCOL, COPY, MOVE, LOCK, UNLOCK, VERSION-CONTROL, REPORT, CHECKOUT, CHECKIN, UNCHECKOUT, MKWORKSPACE, UPDATE, LABEL, MERGE, BASELINE-CONTROL, MKACTIVITY, ORDERPATCH, ACL, SEARCH, MKCALENDAR, and PATCH):
  
actionpack (6.1.7.7) lib/action_dispatch/http/request.rb:447:in `check_method'
actionpack (6.1.7.7) lib/action_dispatch/http/request.rb:149:in `request_method'
rack (2.2.9) lib/rack/request.rb:199:in `post?'
actionpack (6.1.7.7) lib/action_dispatch/middleware/actionable_exceptions.rb:27:in `actionable_request?'
actionpack (6.1.7.7) lib/action_dispatch/middleware/actionable_exceptions.rb:18:in `call'
actionpack (6.1.7.7) lib/action_dispatch/middleware/debug_exceptions.rb:29:in `call'
actionpack (6.1.7.7) lib/action_dispatch/middleware/show_exceptions.rb:33:in `call'
railties (6.1.7.7) lib/rails/rack/logger.rb:37:in `call_app'
railties (6.1.7.7) lib/rails/rack/logger.rb:26:in `block in call'
activesupport (6.1.7.7) lib/active_support/tagged_logging.rb:99:in `block in tagged'
activesupport (6.1.7.7) lib/active_support/tagged_logging.rb:37:in `tagged'
activesupport (6.1.7.7) lib/active_support/tagged_logging.rb:99:in `tagged'
railties (6.1.7.7) lib/rails/rack/logger.rb:26:in `call'
actionpack (6.1.7.7) lib/action_dispatch/middleware/remote_ip.rb:81:in `call'
actionpack (6.1.7.7) lib/action_dispatch/middleware/request_id.rb:26:in `call'
rack (2.2.9) lib/rack/runtime.rb:22:in `call'
activesupport (6.1.7.7) lib/active_support/cache/strategy/local_cache_middleware.rb:29:in `call'
actionpack (6.1.7.7) lib/action_dispatch/middleware/executor.rb:14:in `call'
actionpack (6.1.7.7) lib/action_dispatch/middleware/static.rb:24:in `call'
rack (2.2.9) lib/rack/sendfile.rb:110:in `call'
actionpack (6.1.7.7) lib/action_dispatch/middleware/host_authorization.rb:148:in `call'
rack-cors (2.0.2) lib/rack/cors.rb:102:in `call'
railties (6.1.7.7) lib/rails/engine.rb:539:in `call'
puma (5.6.8) lib/puma/configuration.rb:252:in `call'
puma (5.6.8) lib/puma/request.rb:77:in `block in handle_request'
puma (5.6.8) lib/puma/thread_pool.rb:340:in `with_force_shutdown'
puma (5.6.8) lib/puma/request.rb:76:in `handle_request'
puma (5.6.8) lib/puma/server.rb:443:in `process_client'
puma (5.6.8) lib/puma/thread_pool.rb:147:in `block in spawn_thread'
Started POST "/api/data/save" for 127.0.0.1 at 2024-04-09 11:38:56 +0200
  [1m[35m (1.1ms)[0m  [1m[34mSELECT sqlite_version(*)[0m
Processing by Api::DataController#save as */*
  Parameters: {"array_data"=>[1, 0, 0, 0, 0, 0, 0, 0, 0], "datum"=>{"array_data"=>[1, 0, 0, 0, 0, 0, 0, 0, 0]}}
Completed 200 OK in 12ms (Views: 0.4ms | ActiveRecord: 0.0ms | Allocations: 2742)


Started POST "/api/data/save" for 127.0.0.1 at 2024-04-09 11:39:05 +0200
  [1m[35m (4.2ms)[0m  [1m[34mSELECT sqlite_version(*)[0m
Processing by Api::DataController#save as */*
  Parameters: {"array_data"=>[1, 0, 0, 0, 0, 0, 0, 0, 0], "datum"=>{"array_data"=>[1, 0, 0, 0, 0, 0, 0, 0, 0]}}
Completed 200 OK in 17ms (Views: 0.8ms | ActiveRecord: 0.0ms | Allocations: 2743)


Started POST "/api/data/save" for 127.0.0.1 at 2024-04-09 11:39:13 +0200
Processing by Api::DataController#save as */*
  Parameters: {"array_data"=>[0, 1, 0, 0, 0, 0, 0, 0, 0], "datum"=>{"array_data"=>[0, 1, 0, 0, 0, 0, 0, 0, 0]}}
Completed 200 OK in 2ms (Views: 0.6ms | ActiveRecord: 0.0ms | Allocations: 150)


Started POST "/api/data/save" for 127.0.0.1 at 2024-04-09 11:39:16 +0200
Processing by Api::DataController#save as */*
  Parameters: {"array_data"=>[1, 0, 0, 0, 0, 0, 0, 0, 0], "datum"=>{"array_data"=>[1, 0, 0, 0, 0, 0, 0, 0, 0]}}
Completed 200 OK in 1ms (Views: 0.6ms | ActiveRecord: 0.0ms | Allocations: 150)


Started POST "/api/data/save" for 127.0.0.1 at 2024-04-09 11:39:17 +0200
Processing by Api::DataController#save as */*
  Parameters: {"array_data"=>[1, 0, 0, 0, 0, 0, 0, 0, 0], "datum"=>{"array_data"=>[1, 0, 0, 0, 0, 0, 0, 0, 0]}}
Completed 200 OK in 1ms (Views: 0.4ms | ActiveRecord: 0.0ms | Allocations: 150)


Started POST "/api/data/save" for 127.0.0.1 at 2024-04-09 11:39:19 +0200
Processing by Api::DataController#save as */*
  Parameters: {"array_data"=>[1, 0, 0, 0, 0, 0, 0, 0, 0], "datum"=>{"array_data"=>[1, 0, 0, 0, 0, 0, 0, 0, 0]}}
Completed 200 OK in 2ms (Views: 0.5ms | ActiveRecord: 0.0ms | Allocations: 150)


Started POST "/api/data/save" for ::1 at 2024-04-09 11:40:01 +0200
Processing by Api::DataController#save as */*
  Parameters: {"array_data"=>[1, 0, 0, 0, 0, 0, 0, 0, 0], "datum"=>{"array_data"=>[1, 0, 0, 0, 0, 0, 0, 0, 0]}}
Completed 200 OK in 2ms (Views: 0.4ms | ActiveRecord: 0.0ms | Allocations: 145)


Started POST "/api/data/save" for ::1 at 2024-04-09 11:40:03 +0200
Processing by Api::DataController#save as */*
  Parameters: {"array_data"=>[1, 0, 0, 0, 0, 0, 0, 0, 0], "datum"=>{"array_data"=>[1, 0, 0, 0, 0, 0, 0, 0, 0]}}
Completed 200 OK in 1ms (Views: 0.6ms | ActiveRecord: 0.0ms | Allocations: 145)


Started POST "/api/data/save" for ::1 at 2024-04-09 11:40:03 +0200
Processing by Api::DataController#save as */*
  Parameters: {"array_data"=>[1, 0, 0, 0, 0, 0, 0, 0, 0], "datum"=>{"array_data"=>[1, 0, 0, 0, 0, 0, 0, 0, 0]}}
Completed 200 OK in 2ms (Views: 0.4ms | ActiveRecord: 0.0ms | Allocations: 145)


Started POST "/api/data/save" for ::1 at 2024-04-09 11:40:04 +0200
Processing by Api::DataController#save as */*
  Parameters: {"array_data"=>[1, 0, 0, 0, 0, 0, 0, 0, 0], "datum"=>{"array_data"=>[1, 0, 0, 0, 0, 0, 0, 0, 0]}}
Completed 200 OK in 1ms (Views: 0.3ms | ActiveRecord: 0.0ms | Allocations: 146)


Started POST "/api/data/save" for ::1 at 2024-04-09 11:40:06 +0200
Processing by Api::DataController#save as */*
  Parameters: {"array_data"=>[0, 0, 0, 0, 1, 0, 0, 0, 0], "datum"=>{"array_data"=>[0, 0, 0, 0, 1, 0, 0, 0, 0]}}
Completed 200 OK in 4ms (Views: 1.2ms | ActiveRecord: 0.0ms | Allocations: 145)


Started POST "/api/data/save" for 127.0.0.1 at 2024-04-09 11:45:07 +0200
Processing by Api::DataController#save as */*
  Parameters: {"array_data"=>[1, 0, 0, 0, 0, 0, 0, 0, 0], "datum"=>{"array_data"=>[1, 0, 0, 0, 0, 0, 0, 0, 0]}}
Completed 200 OK in 3ms (Views: 1.3ms | Allocations: 146)


Started POST "/api/data/save" for 127.0.0.1 at 2024-04-09 11:45:14 +0200
Processing by Api::DataController#save as */*
  Parameters: {"array_data"=>[0, 1, 0, 0, 0, 0, 0, 0, 0], "datum"=>{"array_data"=>[0, 1, 0, 0, 0, 0, 0, 0, 0]}}
Completed 200 OK in 6ms (Views: 2.0ms | Allocations: 145)


Started POST "/api/data/save" for 127.0.0.1 at 2024-04-09 11:45:16 +0200
Processing by Api::DataController#save as */*
  Parameters: {"array_data"=>[0, 0, 0, 0, 0, 0, 0, 1, 0], "datum"=>{"array_data"=>[0, 0, 0, 0, 0, 0, 0, 1, 0]}}
Completed 200 OK in 1ms (Views: 0.4ms | Allocations: 145)


Started POST "/api/data/save" for 127.0.0.1 at 2024-04-09 11:45:17 +0200
Processing by Api::DataController#save as */*
  Parameters: {"array_data"=>[0, 0, 0, 0, 0, 0, 1, 0, 0], "datum"=>{"array_data"=>[0, 0, 0, 0, 0, 0, 1, 0, 0]}}
Completed 200 OK in 1ms (Views: 0.7ms | Allocations: 145)


Started POST "/api/data/save" for 127.0.0.1 at 2024-04-09 11:57:32 +0200
Processing by Api::DataController#save as */*
  Parameters: {"array_data"=>[1, 0, 0, 0, 0, 0, 0, 0, 0], "datum"=>{"array_data"=>[1, 0, 0, 0, 0, 0, 0, 0, 0]}}
Completed 200 OK in 3ms (Views: 1.3ms | Allocations: 145)


Started POST "/api/data/save" for 127.0.0.1 at 2024-04-09 11:58:03 +0200
Processing by Api::DataController#save as */*
  Parameters: {"array_data"=>[1, 0, 0, 0, 0, 0, 0, 0, 0], "datum"=>{"array_data"=>[1, 0, 0, 0, 0, 0, 0, 0, 0]}}
Completed 200 OK in 1ms (Views: 0.4ms | Allocations: 145)


Started POST "/api/data/save" for 127.0.0.1 at 2024-04-09 11:58:08 +0200
Processing by Api::DataController#save as */*
  Parameters: {"array_data"=>[1, 0, 0, 0, 3, 0, 0, 0, 0], "datum"=>{"array_data"=>[1, 0, 0, 0, 3, 0, 0, 0, 0]}}
Completed 200 OK in 2ms (Views: 1.2ms | Allocations: 145)


Started POST "/api/data/save" for 127.0.0.1 at 2024-04-09 11:58:21 +0200
Processing by Api::DataController#save as */*
  Parameters: {"array_data"=>[1, 0, 1, 0, 3, 0, 0, 0, 0], "datum"=>{"array_data"=>[1, 0, 1, 0, 3, 0, 0, 0, 0]}}
Completed 200 OK in 2ms (Views: 0.5ms | Allocations: 145)


Started POST "/api/data/save" for 127.0.0.1 at 2024-04-09 11:58:28 +0200
Processing by Api::DataController#save as */*
  Parameters: {"array_data"=>[1, 0, 1, 0, 3, 0, 3, 0, 0], "datum"=>{"array_data"=>[1, 0, 1, 0, 3, 0, 3, 0, 0]}}
Completed 200 OK in 2ms (Views: 0.9ms | Allocations: 145)


Started POST "/api/data/save" for 127.0.0.1 at 2024-04-09 11:58:38 +0200
Processing by Api::DataController#save as */*
  Parameters: {"array_data"=>[0, 0, 0, 0, 0, 0, 1, 0, 0], "datum"=>{"array_data"=>[0, 0, 0, 0, 0, 0, 1, 0, 0]}}
Completed 200 OK in 2ms (Views: 0.5ms | Allocations: 145)


Started POST "/api/data/save" for 127.0.0.1 at 2024-04-09 11:58:41 +0200
Processing by Api::DataController#save as */*
  Parameters: {"array_data"=>[0, 0, 0, 1, 0, 0, 0, 0, 0], "datum"=>{"array_data"=>[0, 0, 0, 1, 0, 0, 0, 0, 0]}}
Completed 200 OK in 6ms (Views: 4.4ms | Allocations: 145)


Started POST "/api/data/save" for 127.0.0.1 at 2024-04-09 11:58:42 +0200
Processing by Api::DataController#save as */*
  Parameters: {"array_data"=>[0, 0, 0, 1, 3, 0, 0, 0, 0], "datum"=>{"array_data"=>[0, 0, 0, 1, 3, 0, 0, 0, 0]}}
Completed 200 OK in 2ms (Views: 0.5ms | Allocations: 145)


Started POST "/api/data/save" for 127.0.0.1 at 2024-04-09 11:58:43 +0200
Processing by Api::DataController#save as */*
  Parameters: {"array_data"=>[0, 0, 0, 1, 3, 0, 0, 1, 0], "datum"=>{"array_data"=>[0, 0, 0, 1, 3, 0, 0, 1, 0]}}
Completed 200 OK in 1ms (Views: 0.5ms | Allocations: 145)


Started POST "/api/data/save" for 127.0.0.1 at 2024-04-09 11:58:44 +0200
Processing by Api::DataController#save as */*
  Parameters: {"array_data"=>[0, 0, 0, 1, 3, 0, 3, 1, 0], "datum"=>{"array_data"=>[0, 0, 0, 1, 3, 0, 3, 1, 0]}}
Completed 200 OK in 2ms (Views: 0.6ms | Allocations: 145)


Started POST "/api/data/save" for 127.0.0.1 at 2024-04-09 11:58:45 +0200
Processing by Api::DataController#save as */*
  Parameters: {"array_data"=>[0, 0, 0, 1, 3, 1, 3, 1, 0], "datum"=>{"array_data"=>[0, 0, 0, 1, 3, 1, 3, 1, 0]}}
Completed 200 OK in 2ms (Views: 0.6ms | Allocations: 145)


Started POST "/api/data/save" for 127.0.0.1 at 2024-04-09 11:58:47 +0200
Processing by Api::DataController#save as */*
  Parameters: {"array_data"=>[0, 0, 3, 1, 3, 1, 3, 1, 0], "datum"=>{"array_data"=>[0, 0, 3, 1, 3, 1, 3, 1, 0]}}
Completed 200 OK in 2ms (Views: 0.7ms | Allocations: 145)


Started POST "/api/data/save" for 127.0.0.1 at 2024-04-09 12:02:32 +0200
Processing by Api::DataController#save as */*
  Parameters: {"array_data"=>[1, 0, 0, 0, 0, 0, 0, 0, 0], "datum"=>{"array_data"=>[1, 0, 0, 0, 0, 0, 0, 0, 0]}}
Completed 200 OK in 3ms (Views: 0.6ms | Allocations: 145)


Started POST "/api/data/save" for 127.0.0.1 at 2024-04-09 12:02:34 +0200
Processing by Api::DataController#save as */*
  Parameters: {"array_data"=>[1, 0, 0, 0, 0, 3, 0, 0, 0], "datum"=>{"array_data"=>[1, 0, 0, 0, 0, 3, 0, 0, 0]}}
Completed 200 OK in 2ms (Views: 0.5ms | Allocations: 145)


Started POST "/api/data/save" for 127.0.0.1 at 2024-04-09 12:02:36 +0200
Processing by Api::DataController#save as */*
  Parameters: {"array_data"=>[1, 0, 0, 0, 1, 3, 0, 0, 0], "datum"=>{"array_data"=>[1, 0, 0, 0, 1, 3, 0, 0, 0]}}
Completed 200 OK in 2ms (Views: 0.6ms | Allocations: 145)


Started POST "/api/data/save" for 127.0.0.1 at 2024-04-09 12:02:37 +0200
Processing by Api::DataController#save as */*
  Parameters: {"array_data"=>[1, 0, 0, 0, 1, 3, 3, 0, 0], "datum"=>{"array_data"=>[1, 0, 0, 0, 1, 3, 3, 0, 0]}}
Completed 200 OK in 2ms (Views: 0.9ms | Allocations: 145)


Started POST "/api/data/save" for 127.0.0.1 at 2024-04-09 12:02:38 +0200
Processing by Api::DataController#save as */*
  Parameters: {"array_data"=>[1, 0, 0, 1, 1, 3, 3, 0, 0], "datum"=>{"array_data"=>[1, 0, 0, 1, 1, 3, 3, 0, 0]}}
Completed 200 OK in 2ms (Views: 0.6ms | Allocations: 145)


Started POST "/api/data/save" for 127.0.0.1 at 2024-04-09 12:02:40 +0200
Processing by Api::DataController#save as */*
  Parameters: {"array_data"=>[1, 0, 0, 1, 1, 3, 3, 0, 3], "datum"=>{"array_data"=>[1, 0, 0, 1, 1, 3, 3, 0, 3]}}
Completed 200 OK in 2ms (Views: 0.6ms | Allocations: 145)


Started POST "/api/data/save" for 127.0.0.1 at 2024-04-09 12:02:41 +0200
Processing by Api::DataController#save as */*
  Parameters: {"array_data"=>[1, 0, 1, 1, 1, 3, 3, 0, 3], "datum"=>{"array_data"=>[1, 0, 1, 1, 1, 3, 3, 0, 3]}}
Completed 200 OK in 2ms (Views: 0.8ms | Allocations: 145)


Started POST "/api/data/save" for ::1 at 2024-04-09 12:02:51 +0200
Processing by Api::DataController#save as */*
  Parameters: {"array_data"=>[1, 0, 0, 0, 0, 0, 0, 0, 0], "datum"=>{"array_data"=>[1, 0, 0, 0, 0, 0, 0, 0, 0]}}
Completed 200 OK in 2ms (Views: 0.8ms | Allocations: 145)


Started POST "/api/data/save" for ::1 at 2024-04-09 12:02:53 +0200
Processing by Api::DataController#save as */*
  Parameters: {"array_data"=>[1, 0, 0, 0, 0, 0, 0, 0, 0], "datum"=>{"array_data"=>[1, 0, 0, 0, 0, 0, 0, 0, 0]}}
Completed 200 OK in 2ms (Views: 0.7ms | Allocations: 145)


Started POST "/api/data/save" for ::1 at 2024-04-09 12:02:54 +0200
Processing by Api::DataController#save as */*
  Parameters: {"array_data"=>[1, 0, 0, 0, 0, 0, 0, 0, 0], "datum"=>{"array_data"=>[1, 0, 0, 0, 0, 0, 0, 0, 0]}}
Completed 200 OK in 2ms (Views: 0.5ms | Allocations: 145)


Started POST "/api/data/save" for ::1 at 2024-04-09 12:02:55 +0200
Processing by Api::DataController#save as */*
  Parameters: {"array_data"=>[1, 0, 0, 0, 0, 0, 0, 0, 0], "datum"=>{"array_data"=>[1, 0, 0, 0, 0, 0, 0, 0, 0]}}
Completed 200 OK in 2ms (Views: 0.7ms | Allocations: 145)


Started POST "/api/data/save" for 127.0.0.1 at 2024-04-09 12:03:26 +0200
Processing by Api::DataController#save as */*
  Parameters: {"array_data"=>[1, 0, 0, 0, 0, 0, 0, 0, 0], "datum"=>{"array_data"=>[1, 0, 0, 0, 0, 0, 0, 0, 0]}}
Completed 200 OK in 3ms (Views: 1.5ms | Allocations: 145)


Started POST "/api/data/save" for 127.0.0.1 at 2024-04-09 12:03:37 +0200
Processing by Api::DataController#save as */*
  Parameters: {"array_data"=>[1, 0, 0, 3, 0, 0, 0, 0, 0], "datum"=>{"array_data"=>[1, 0, 0, 3, 0, 0, 0, 0, 0]}}
Completed 200 OK in 2ms (Views: 0.9ms | Allocations: 146)


Started POST "/api/data/save" for 127.0.0.1 at 2024-04-09 12:06:05 +0200
Processing by Api::DataController#save as */*
  Parameters: {"array_data"=>[1, 0, 0, 0, 0, 0, 0, 0, 0], "datum"=>{"array_data"=>[1, 0, 0, 0, 0, 0, 0, 0, 0]}}
Completed 200 OK in 2ms (Views: 1.0ms | Allocations: 145)


Started POST "/api/data/save" for 127.0.0.1 at 2024-04-09 12:06:11 +0200
Processing by Api::DataController#save as */*
  Parameters: {"array_data"=>[1, 3, 0, 0, 0, 0, 0, 0, 0], "datum"=>{"array_data"=>[1, 3, 0, 0, 0, 0, 0, 0, 0]}}
Completed 200 OK in 3ms (Views: 0.7ms | Allocations: 145)


Started POST "/api/data/save" for 127.0.0.1 at 2024-04-09 12:06:13 +0200
Processing by Api::DataController#save as */*
  Parameters: {"array_data"=>[1, 3, 0, 0, 1, 0, 0, 0, 0], "datum"=>{"array_data"=>[1, 3, 0, 0, 1, 0, 0, 0, 0]}}
Completed 200 OK in 2ms (Views: 1.1ms | Allocations: 145)


Started POST "/api/data/save" for 127.0.0.1 at 2024-04-09 12:06:15 +0200
Processing by Api::DataController#save as */*
  Parameters: {"array_data"=>[1, 3, 0, 0, 1, 3, 0, 0, 0], "datum"=>{"array_data"=>[1, 3, 0, 0, 1, 3, 0, 0, 0]}}
Completed 200 OK in 2ms (Views: 0.7ms | Allocations: 145)


Started POST "/api/data/save" for 127.0.0.1 at 2024-04-09 12:06:15 +0200
Processing by Api::DataController#save as */*
  Parameters: {"array_data"=>[1, 3, 0, 0, 1, 3, 0, 0, 1], "datum"=>{"array_data"=>[1, 3, 0, 0, 1, 3, 0, 0, 1]}}
Completed 200 OK in 1ms (Views: 0.5ms | Allocations: 145)


Started POST "/api/data/save" for 127.0.0.1 at 2024-04-09 12:30:11 +0200
  [1m[35m (0.9ms)[0m  [1m[34mSELECT sqlite_version(*)[0m
Processing by Api::DataController#save as */*
  Parameters: {"array_data"=>[1, 0, 0, 0, 0, 0, 0, 0, 0], "datum"=>{"array_data"=>[1, 0, 0, 0, 0, 0, 0, 0, 0]}}
Completed 200 OK in 10ms (Views: 0.5ms | ActiveRecord: 0.0ms | Allocations: 2743)


Started POST "/api/data/save" for 127.0.0.1 at 2024-04-09 12:30:19 +0200
Processing by Api::DataController#save as */*
  Parameters: {"array_data"=>[1, 3, 0, 0, 0, 0, 0, 0, 0], "datum"=>{"array_data"=>[1, 3, 0, 0, 0, 0, 0, 0, 0]}}
Completed 200 OK in 2ms (Views: 0.9ms | ActiveRecord: 0.0ms | Allocations: 150)


Started POST "/api/data/save" for 127.0.0.1 at 2024-04-09 12:30:23 +0200
Processing by Api::DataController#save as */*
  Parameters: {"array_data"=>[1, 3, 0, 0, 1, 0, 0, 0, 0], "datum"=>{"array_data"=>[1, 3, 0, 0, 1, 0, 0, 0, 0]}}
Completed 200 OK in 1ms (Views: 0.3ms | ActiveRecord: 0.0ms | Allocations: 150)


Started POST "/api/data/save" for 127.0.0.1 at 2024-04-09 12:30:50 +0200
Processing by Api::DataController#save as */*
  Parameters: {"array_data"=>[1, 3, 0, 3, 1, 0, 0, 0, 0], "datum"=>{"array_data"=>[1, 3, 0, 3, 1, 0, 0, 0, 0]}}
Completed 200 OK in 2ms (Views: 0.6ms | ActiveRecord: 0.0ms | Allocations: 150)


Started POST "/api/data/save" for 127.0.0.1 at 2024-04-09 12:30:54 +0200
Processing by Api::DataController#save as */*
  Parameters: {"array_data"=>[1, 0, 0, 0, 0, 0, 0, 0, 0], "datum"=>{"array_data"=>[1, 0, 0, 0, 0, 0, 0, 0, 0]}}
Completed 200 OK in 2ms (Views: 0.5ms | ActiveRecord: 0.0ms | Allocations: 150)


Started POST "/api/data/save" for 127.0.0.1 at 2024-04-09 12:31:14 +0200
Processing by Api::DataController#save as */*
  Parameters: {"array_data"=>[1, 0, 0, 0, 0, 0, 0, 0, 0], "datum"=>{"array_data"=>[1, 0, 0, 0, 0, 0, 0, 0, 0]}}
Completed 200 OK in 4ms (Views: 0.7ms | ActiveRecord: 0.0ms | Allocations: 145)


Started POST "/api/data/save" for 127.0.0.1 at 2024-04-09 12:31:49 +0200
Processing by Api::DataController#save as */*
  Parameters: {"array_data"=>[1, 3, 0, 0, 0, 0, 0, 0, 0], "datum"=>{"array_data"=>[1, 3, 0, 0, 0, 0, 0, 0, 0]}}
Completed 200 OK in 3ms (Views: 0.8ms | ActiveRecord: 0.0ms | Allocations: 145)


Started POST "/api/data/save" for 127.0.0.1 at 2024-04-09 12:31:50 +0200
Processing by Api::DataController#save as */*
  Parameters: {"array_data"=>[1, 3, 1, 0, 0, 0, 0, 0, 0], "datum"=>{"array_data"=>[1, 3, 1, 0, 0, 0, 0, 0, 0]}}
Completed 200 OK in 2ms (Views: 0.8ms | ActiveRecord: 0.0ms | Allocations: 145)


Started POST "/api/data/save" for 127.0.0.1 at 2024-04-09 12:32:15 +0200
Processing by Api::DataController#save as */*
  Parameters: {"array_data"=>[1, 3, 1, 3, 0, 0, 0, 0, 0], "datum"=>{"array_data"=>[1, 3, 1, 3, 0, 0, 0, 0, 0]}}
Completed 200 OK in 39ms (Views: 0.5ms | ActiveRecord: 0.0ms | Allocations: 146)


Started POST "/api/data/save" for 127.0.0.1 at 2024-04-09 12:32:16 +0200
Processing by Api::DataController#save as */*
  Parameters: {"array_data"=>[1, 3, 1, 3, 1, 0, 0, 0, 0], "datum"=>{"array_data"=>[1, 3, 1, 3, 1, 0, 0, 0, 0]}}
Completed 200 OK in 2ms (Views: 0.5ms | ActiveRecord: 0.0ms | Allocations: 145)


Started POST "/api/data/save" for 127.0.0.1 at 2024-04-09 12:32:24 +0200
Processing by Api::DataController#save as */*
  Parameters: {"array_data"=>[1, 0, 0, 0, 0, 0, 0, 0, 0], "datum"=>{"array_data"=>[1, 0, 0, 0, 0, 0, 0, 0, 0]}}
Completed 200 OK in 2ms (Views: 0.6ms | ActiveRecord: 0.0ms | Allocations: 146)


Started POST "/api/data/save" for 127.0.0.1 at 2024-04-09 12:32:25 +0200
Processing by Api::DataController#save as */*
  Parameters: {"array_data"=>[1, 0, 0, 0, 3, 0, 0, 0, 0], "datum"=>{"array_data"=>[1, 0, 0, 0, 3, 0, 0, 0, 0]}}
Completed 200 OK in 2ms (Views: 0.7ms | ActiveRecord: 0.0ms | Allocations: 145)


Started POST "/api/data/save" for 127.0.0.1 at 2024-04-09 12:32:26 +0200
Processing by Api::DataController#save as */*
  Parameters: {"array_data"=>[1, 1, 0, 0, 3, 0, 0, 0, 0], "datum"=>{"array_data"=>[1, 1, 0, 0, 3, 0, 0, 0, 0]}}
Completed 200 OK in 2ms (Views: 0.6ms | ActiveRecord: 0.0ms | Allocations: 145)


Started POST "/api/data/save" for ::1 at 2024-04-09 12:32:33 +0200
Processing by Api::DataController#save as */*
  Parameters: {"array_data"=>[1, 0, 0, 0, 0, 0, 0, 0, 0], "datum"=>{"array_data"=>[1, 0, 0, 0, 0, 0, 0, 0, 0]}}
Completed 200 OK in 2ms (Views: 0.5ms | ActiveRecord: 0.0ms | Allocations: 145)


Started POST "/api/data/save" for ::1 at 2024-04-09 12:32:34 +0200
Processing by Api::DataController#save as */*
  Parameters: {"array_data"=>[1, 0, 0, 0, 0, 0, 0, 0, 0], "datum"=>{"array_data"=>[1, 0, 0, 0, 0, 0, 0, 0, 0]}}
Completed 200 OK in 2ms (Views: 0.6ms | ActiveRecord: 0.0ms | Allocations: 145)


Started POST "/api/data/save" for 127.0.0.1 at 2024-04-09 12:33:23 +0200
Processing by Api::DataController#save as */*
  Parameters: {"array_data"=>[1, 1, 0, 3, 3, 0, 0, 0, 0], "datum"=>{"array_data"=>[1, 1, 0, 3, 3, 0, 0, 0, 0]}}
Completed 200 OK in 3ms (Views: 1.0ms | ActiveRecord: 0.0ms | Allocations: 145)


Started POST "/api/data/save" for ::1 at 2024-04-09 12:33:25 +0200
Processing by Api::DataController#save as */*
  Parameters: {"array_data"=>[1, 0, 0, 0, 0, 0, 0, 0, 0], "datum"=>{"array_data"=>[1, 0, 0, 0, 0, 0, 0, 0, 0]}}
Completed 200 OK in 2ms (Views: 0.7ms | ActiveRecord: 0.0ms | Allocations: 145)


Started POST "/api/data/save" for ::1 at 2024-04-09 12:33:26 +0200
Processing by Api::DataController#save as */*
  Parameters: {"array_data"=>[1, 0, 0, 0, 0, 0, 0, 0, 0], "datum"=>{"array_data"=>[1, 0, 0, 0, 0, 0, 0, 0, 0]}}
Completed 200 OK in 2ms (Views: 0.6ms | ActiveRecord: 0.0ms | Allocations: 145)


Started POST "/api/data/save" for ::1 at 2024-04-09 12:33:26 +0200
Processing by Api::DataController#save as */*
  Parameters: {"array_data"=>[0, 1, 0, 0, 0, 0, 0, 0, 0], "datum"=>{"array_data"=>[0, 1, 0, 0, 0, 0, 0, 0, 0]}}
Completed 200 OK in 2ms (Views: 0.7ms | ActiveRecord: 0.0ms | Allocations: 145)


Started POST "/api/data/save" for ::1 at 2024-04-09 12:33:27 +0200
Processing by Api::DataController#save as */*
  Parameters: {"array_data"=>[0, 0, 0, 0, 1, 0, 0, 0, 0], "datum"=>{"array_data"=>[0, 0, 0, 0, 1, 0, 0, 0, 0]}}
Completed 200 OK in 2ms (Views: 0.7ms | ActiveRecord: 0.0ms | Allocations: 145)


Started POST "/api/data/save" for ::1 at 2024-04-09 12:33:28 +0200
Processing by Api::DataController#save as */*
  Parameters: {"array_data"=>[0, 0, 0, 1, 0, 0, 0, 0, 0], "datum"=>{"array_data"=>[0, 0, 0, 1, 0, 0, 0, 0, 0]}}
Completed 200 OK in 2ms (Views: 0.6ms | ActiveRecord: 0.0ms | Allocations: 145)


Started POST "/api/data/save" for ::1 at 2024-04-09 12:33:29 +0200
Processing by Api::DataController#save as */*
  Parameters: {"array_data"=>[0, 0, 0, 0, 0, 1, 0, 0, 0], "datum"=>{"array_data"=>[0, 0, 0, 0, 0, 1, 0, 0, 0]}}
Completed 200 OK in 2ms (Views: 0.5ms | ActiveRecord: 0.0ms | Allocations: 145)


Started POST "/api/data/save" for ::1 at 2024-04-09 12:33:32 +0200
Processing by Api::DataController#save as */*
  Parameters: {"array_data"=>[1, 0, 0, 0, 0, 0, 0, 0, 0], "datum"=>{"array_data"=>[1, 0, 0, 0, 0, 0, 0, 0, 0]}}
Completed 200 OK in 2ms (Views: 0.4ms | ActiveRecord: 0.0ms | Allocations: 145)


Started POST "/api/data/save" for ::1 at 2024-04-09 12:33:33 +0200
Processing by Api::DataController#save as */*
  Parameters: {"array_data"=>[0, 0, 0, 1, 0, 0, 0, 0, 0], "datum"=>{"array_data"=>[0, 0, 0, 1, 0, 0, 0, 0, 0]}}
Completed 200 OK in 2ms (Views: 0.7ms | ActiveRecord: 0.0ms | Allocations: 145)


Started POST "/api/data/save" for ::1 at 2024-04-09 12:33:35 +0200
Processing by Api::DataController#save as */*
  Parameters: {"array_data"=>[0, 0, 0, 1, 0, 0, 0, 0, 0], "datum"=>{"array_data"=>[0, 0, 0, 1, 0, 0, 0, 0, 0]}}
Completed 200 OK in 2ms (Views: 0.5ms | ActiveRecord: 0.0ms | Allocations: 145)


Started POST "/api/data/save" for ::1 at 2024-04-09 12:33:35 +0200
Processing by Api::DataController#save as */*
  Parameters: {"array_data"=>[0, 0, 0, 1, 0, 0, 0, 0, 3], "datum"=>{"array_data"=>[0, 0, 0, 1, 0, 0, 0, 0, 3]}}
Completed 200 OK in 2ms (Views: 0.6ms | ActiveRecord: 0.0ms | Allocations: 145)


Started POST "/api/data/save" for ::1 at 2024-04-09 12:34:01 +0200
Processing by Api::DataController#save as */*
  Parameters: {"array_data"=>[0, 0, 0, 1, 0, 0, 0, 0, 0], "datum"=>{"array_data"=>[0, 0, 0, 1, 0, 0, 0, 0, 0]}}
Completed 200 OK in 2ms (Views: 1.1ms | ActiveRecord: 0.0ms | Allocations: 145)


Started POST "/api/data/save" for 127.0.0.1 at 2024-04-09 14:15:02 +0200
  [1m[35m (2.7ms)[0m  [1m[34mSELECT sqlite_version(*)[0m
Processing by Api::DataController#save as */*
  Parameters: {"array_data"=>[1, 0, 0, 0, 0, 0, 0, 0, 0], "datum"=>{"array_data"=>[1, 0, 0, 0, 0, 0, 0, 0, 0]}}
Completed 200 OK in 19ms (Views: 1.1ms | ActiveRecord: 0.0ms | Allocations: 2743)


Started POST "/api/data/save" for 127.0.0.1 at 2024-04-09 14:16:12 +0200
  
NameError (uninitialized constant ApplicationController::API
Did you mean?  Api):
  
app/controllers/api/data_controller.rb:1:in `<main>'
Started POST "/api/data/save" for 127.0.0.1 at 2024-04-09 14:16:20 +0200
  [1m[35m (1.8ms)[0m  [1m[34mSELECT sqlite_version(*)[0m
  
NameError (uninitialized constant ApplicationController::API
Did you mean?  Api):
  
app/controllers/api/data_controller.rb:1:in `<main>'
Started POST "/api/data/save" for 127.0.0.1 at 2024-04-09 14:19:20 +0200
  
NameError (uninitialized constant ApplicationController::API
Did you mean?  Api):
  
app/controllers/api/data_controller.rb:1:in `<main>'
Started POST "/api/data/save" for 127.0.0.1 at 2024-04-09 14:19:37 +0200
  
NameError (uninitialized constant ApplicationController::API
Did you mean?  Api):
  
app/controllers/api/data_controller.rb:1:in `<main>'
Started POST "/api/data/save" for 127.0.0.1 at 2024-04-09 14:20:03 +0200
  
NameError (uninitialized constant ApplicationController::API
Did you mean?  Api):
  
app/controllers/api/data_controller.rb:1:in `<main>'
Started POST "/api/data/save" for 127.0.0.1 at 2024-04-09 15:23:53 +0200
  [1m[35m (2.9ms)[0m  [1m[34mSELECT sqlite_version(*)[0m
  
NameError (uninitialized constant ApplicationController::API
Did you mean?  Api):
  
app/controllers/api/data_controller.rb:1:in `<main>'
Started POST "/api/data/save" for 127.0.0.1 at 2024-04-09 15:24:36 +0200
  [1m[35m (1.1ms)[0m  [1m[34mSELECT sqlite_version(*)[0m
  
NameError (uninitialized constant ActionController::Api
Did you mean?  ActionController::API):
  
app/controllers/application_controller.rb:1:in `<main>'
app/controllers/api/data_controller.rb:1:in `<main>'
Started POST "/api/data/save" for 127.0.0.1 at 2024-04-09 15:25:23 +0200
  [1m[35m (1.8ms)[0m  [1m[34mSELECT sqlite_version(*)[0m
Processing by Api::DataController#save as */*
  Parameters: {"game_data"=>{"movesPlayed"=>[0, 4, 1, 5, 2], "winner"=>[30]}, "datum"=>{"game_data"=>{"movesPlayed"=>[0, 4, 1, 5, 2], "winner"=>[30]}}}
Completed 200 OK in 15ms (Views: 0.5ms | ActiveRecord: 0.0ms | Allocations: 2725)


Started POST "/api/data/save" for 127.0.0.1 at 2024-04-09 15:27:42 +0200
  [1m[35m (1.2ms)[0m  [1m[34mSELECT sqlite_version(*)[0m
Processing by Api::DataController#save as */*
  Parameters: {"game_data"=>{"movesPlayed"=>[0, 4, 1, 5, 2], "winner"=>[30]}, "datum"=>{"game_data"=>{"movesPlayed"=>[0, 4, 1, 5, 2], "winner"=>[30]}}}
Completed 200 OK in 10ms (Views: 0.8ms | ActiveRecord: 0.0ms | Allocations: 2725)


Started POST "/api/data/save" for 127.0.0.1 at 2024-04-09 15:28:20 +0200
  [1m[35m (1.2ms)[0m  [1m[34mSELECT sqlite_version(*)[0m
Processing by Api::DataController#save as */*
  Parameters: {"game_data"=>{"movesPlayed"=>[0, 4, 1, 5, 2], "winner"=>[30]}, "datum"=>{"game_data"=>{"movesPlayed"=>[0, 4, 1, 5, 2], "winner"=>[30]}}}
Completed 200 OK in 12ms (Views: 0.5ms | ActiveRecord: 0.0ms | Allocations: 2728)


Started POST "/api/data/save" for 127.0.0.1 at 2024-04-09 15:30:36 +0200
  [1m[35m (1.4ms)[0m  [1m[34mSELECT sqlite_version(*)[0m
Processing by Api::DataController#save as */*
  Parameters: {"game_data"=>{"movesPlayed"=>[0, 4, 1, 5, 2], "winner"=>[30]}, "datum"=>{"game_data"=>{"movesPlayed"=>[0, 4, 1, 5, 2], "winner"=>[30]}}}
Completed 200 OK in 12ms (Views: 0.5ms | ActiveRecord: 0.0ms | Allocations: 2728)


Started POST "/api/data/save" for 127.0.0.1 at 2024-04-09 15:31:14 +0200
Processing by Api::DataController#save as */*
  Parameters: {"game_data"=>{"movesPlayed"=>[0, 4, 1, 5, 2], "winner"=>[30]}, "datum"=>{"game_data"=>{"movesPlayed"=>[0, 4, 1, 5, 2], "winner"=>[30]}}}
Completed 500 Internal Server Error in 2ms (Allocations: 135)


  
TypeError (no implicit conversion of ActionController::Parameters into String):
  
app/controllers/api/data_controller.rb:11:in `save'
Started POST "/api/data/save" for 127.0.0.1 at 2024-04-09 15:32:01 +0200
  [1m[35m (1.8ms)[0m  [1m[34mSELECT sqlite_version(*)[0m
Processing by Api::DataController#save as */*
  Parameters: {"game_data"=>{"movesPlayed"=>[0, 4, 1, 5, 2], "winner"=>[30]}, "datum"=>{"game_data"=>{"movesPlayed"=>[0, 4, 1, 5, 2], "winner"=>[30]}}}
Completed 200 OK in 11ms (Views: 0.4ms | ActiveRecord: 0.0ms | Allocations: 2728)


Started POST "/api/data/save" for 127.0.0.1 at 2024-04-09 15:35:18 +0200
  [1m[35m (0.8ms)[0m  [1m[34mSELECT sqlite_version(*)[0m
  
NameError (uninitialized constant ApplicationController::API
Did you mean?  Api):
  
app/controllers/api/data_controller.rb:1:in `<main>'
Started POST "/api/data/save" for 127.0.0.1 at 2024-04-09 15:35:45 +0200
  [1m[35m (2.0ms)[0m  [1m[34mSELECT sqlite_version(*)[0m
  
NameError (uninitialized constant ApplicationController::Api):
  
app/controllers/api/data_controller.rb:1:in `<main>'
Started POST "/api/data/save" for 127.0.0.1 at 2024-04-09 15:36:53 +0200
  [1m[35m (1.9ms)[0m  [1m[34mSELECT sqlite_version(*)[0m
Processing by Api::DataController#save as */*
  Parameters: {"game_data"=>{"movesPlayed"=>[0, 4, 1, 5, 2], "winner"=>[30]}, "datum"=>{"game_data"=>{"movesPlayed"=>[0, 4, 1, 5, 2], "winner"=>[30]}}}
Completed 200 OK in 13ms (Views: 0.7ms | ActiveRecord: 0.0ms | Allocations: 2725)


Started POST "/api/data/save" for 127.0.0.1 at 2024-04-09 15:37:48 +0200
  [1m[35m (1.0ms)[0m  [1m[34mSELECT sqlite_version(*)[0m
Processing by Api::DataController#save as */*
  Parameters: {"game_data"=>{"movesPlayed"=>[1, 3, 0, 4, 2], "winner"=>[30]}, "datum"=>{"game_data"=>{"movesPlayed"=>[1, 3, 0, 4, 2], "winner"=>[30]}}}
Completed 200 OK in 9ms (Views: 0.4ms | ActiveRecord: 0.0ms | Allocations: 2725)


Started POST "/api/data/save" for 127.0.0.1 at 2024-04-09 15:40:20 +0200
  [1m[35m (1.1ms)[0m  [1m[34mSELECT sqlite_version(*)[0m
Processing by Api::DataController#save as */*
  Parameters: {"game_data"=>{"movesPlayed"=>[0, 3, 1, 4, 2], "winner"=>[30]}, "datum"=>{"game_data"=>{"movesPlayed"=>[0, 3, 1, 4, 2], "winner"=>[30]}}}
Completed 200 OK in 13ms (Views: 0.5ms | ActiveRecord: 0.0ms | Allocations: 2725)


Started POST "/api/data/save" for 127.0.0.1 at 2024-04-09 15:44:08 +0200
  [1m[35m (1.1ms)[0m  [1m[34mSELECT sqlite_version(*)[0m
Processing by Api::DataController#save as */*
  Parameters: {"game_data"=>[[30], 0, 3, 1, 4, 2], "datum"=>{"game_data"=>[[30], 0, 3, 1, 4, 2]}}
Completed 200 OK in 14ms (Views: 0.5ms | ActiveRecord: 0.0ms | Allocations: 4489)


Started POST "/api/data/save" for 127.0.0.1 at 2024-04-09 15:44:39 +0200
  [1m[35m (1.4ms)[0m  [1m[34mSELECT sqlite_version(*)[0m
Processing by Api::DataController#save as */*
  Parameters: {"game_data"=>[[30], 0, 3, 4, 1, 8], "datum"=>{"game_data"=>[[30], 0, 3, 4, 1, 8]}}
Completed 200 OK in 13ms (Views: 0.8ms | ActiveRecord: 0.0ms | Allocations: 2743)


Started POST "/api/data/save" for 127.0.0.1 at 2024-04-09 15:45:39 +0200
Processing by Api::DataController#save as */*
  Parameters: {"game_data"=>[[30], 0, 3, 1, 4, 5, 6, 8, 7, 2], "datum"=>{"game_data"=>[[30], 0, 3, 1, 4, 5, 6, 8, 7, 2]}}
Completed 200 OK in 4ms (Views: 1.2ms | ActiveRecord: 0.0ms | Allocations: 158)


Started POST "/api/data/save" for 127.0.0.1 at 2024-04-09 15:45:52 +0200
Processing by Api::DataController#save as */*
  Parameters: {"game_data"=>[0, 0, 3, 1, 4, 5, 7, 8, 2, 6], "datum"=>{"game_data"=>[0, 0, 3, 1, 4, 5, 7, 8, 2, 6]}}
Completed 200 OK in 2ms (Views: 0.7ms | ActiveRecord: 0.0ms | Allocations: 152)


Started POST "/api/data/save" for 127.0.0.1 at 2024-04-09 15:46:35 +0200
Processing by Api::DataController#save as */*
  Parameters: {"game_data"=>[[-30], 0, 3, 4, 6, 5, 7, 2, 8], "datum"=>{"game_data"=>[[-30], 0, 3, 4, 6, 5, 7, 2, 8]}}
Completed 200 OK in 2ms (Views: 0.7ms | ActiveRecord: 0.0ms | Allocations: 156)


Started POST "/api/data/save" for 127.0.0.1 at 2024-04-09 15:49:33 +0200
Processing by Api::DataController#save as */*
  Parameters: {"game_data"=>[0, 0, 3, 1, 4, 5, 7, 8, 2, 6], "datum"=>{"game_data"=>[0, 0, 3, 1, 4, 5, 7, 8, 2, 6]}}
Completed 200 OK in 3ms (Views: 1.0ms | ActiveRecord: 0.0ms | Allocations: 152)


Started POST "/api/data/save" for 127.0.0.1 at 2024-04-09 15:49:37 +0200
Processing by Api::DataController#save as */*
  Parameters: {"game_data"=>[30, 0, 3, 1, 4, 2], "datum"=>{"game_data"=>[30, 0, 3, 1, 4, 2]}}
Completed 200 OK in 4ms (Views: 1.6ms | ActiveRecord: 0.0ms | Allocations: 139)


  [1m[35m (0.9ms)[0m  [1m[34mSELECT sqlite_version(*)[0m
  [1m[35m (17.9ms)[0m  [1m[35mCREATE TABLE "schema_migrations" ("version" varchar NOT NULL PRIMARY KEY)[0m
  [1m[35m (10.8ms)[0m  [1m[35mCREATE TABLE "ar_internal_metadata" ("key" varchar NOT NULL PRIMARY KEY, "value" varchar, "created_at" datetime(6) NOT NULL, "updated_at" datetime(6) NOT NULL)[0m
  [1m[35m (0.4ms)[0m  [1m[34mSELECT "schema_migrations"."version" FROM "schema_migrations" ORDER BY "schema_migrations"."version" ASC[0m
Migrating to CreateGamesPlayeds (20240409135614)
  [1m[36mTRANSACTION (0.2ms)[0m  [1m[36mbegin transaction[0m
  [1m[35m (1.1ms)[0m  [1m[35mCREATE TABLE "games_playeds" ("id" integer PRIMARY KEY AUTOINCREMENT NOT NULL, "winner" varchar, "firstMove" integer, "secondMove" integer, "thirdMove" integer, "fourthMove" integer, "fifthMove" integer, "sixthMove" integer, "seventhMove" integer, "eightMove" integer, "ninthMove" integer)[0m
  [1m[36mActiveRecord::SchemaMigration Create (0.8ms)[0m  [1m[32mINSERT INTO "schema_migrations" ("version") VALUES (?)[0m  [["version", "20240409135614"]]
  [1m[36mTRANSACTION (10.4ms)[0m  [1m[36mcommit transaction[0m
  [1m[36mActiveRecord::InternalMetadata Load (0.5ms)[0m  [1m[34mSELECT "ar_internal_metadata".* FROM "ar_internal_metadata" WHERE "ar_internal_metadata"."key" = ? LIMIT ?[0m  [["key", "environment"], ["LIMIT", 1]]
  [1m[36mTRANSACTION (0.1ms)[0m  [1m[36mbegin transaction[0m
  [1m[36mActiveRecord::InternalMetadata Create (0.6ms)[0m  [1m[32mINSERT INTO "ar_internal_metadata" ("key", "value", "created_at", "updated_at") VALUES (?, ?, ?, ?)[0m  [["key", "environment"], ["value", "development"], ["created_at", "2024-04-09 14:02:32.244283"], ["updated_at", "2024-04-09 14:02:32.244283"]]
  [1m[36mTRANSACTION (6.7ms)[0m  [1m[36mcommit transaction[0m
  [1m[35m (0.1ms)[0m  [1m[34mSELECT sqlite_version(*)[0m
  [1m[35m (0.2ms)[0m  [1m[34mSELECT "schema_migrations"."version" FROM "schema_migrations" ORDER BY "schema_migrations"."version" ASC[0m
Started POST "/api/data/save" for 127.0.0.1 at 2024-04-09 16:06:13 +0200
  [1m[35m (1.0ms)[0m  [1m[34mSELECT sqlite_version(*)[0m
  [1m[35m (0.4ms)[0m  [1m[34mSELECT "schema_migrations"."version" FROM "schema_migrations" ORDER BY "schema_migrations"."version" ASC[0m
Processing by Api::DataController#save as */*
  Parameters: {"game_data"=>[30, 0, 3, 1, 4, 2], "datum"=>{"game_data"=>[30, 0, 3, 1, 4, 2]}}
Completed 200 OK in 12ms (Views: 0.5ms | ActiveRecord: 0.0ms | Allocations: 2742)


Started POST "/api/data/save" for 127.0.0.1 at 2024-04-09 16:11:40 +0200
  [1m[35m (1.8ms)[0m  [1m[34mSELECT sqlite_version(*)[0m
  [1m[35m (0.3ms)[0m  [1m[34mSELECT "schema_migrations"."version" FROM "schema_migrations" ORDER BY "schema_migrations"."version" ASC[0m
Processing by Api::DataController#save as */*
  Parameters: {"game_data"=>[30, 0, 3, 1, 4, 2], "datum"=>{"game_data"=>[30, 0, 3, 1, 4, 2]}}
  [1m[36mTRANSACTION (0.2ms)[0m  [1m[36mbegin transaction[0m
  ↳ app/controllers/api/data_controller.rb:17:in `save'
  [1m[36mGamesPlayed Create (1.3ms)[0m  [1m[32mINSERT INTO "games_playeds" ("winner", "firstMove", "secondMove", "thirdMove", "fourthMove", "fifthMove") VALUES (?, ?, ?, ?, ?, ?)[0m  [["winner", "X"], ["firstMove", 0], ["secondMove", 3], ["thirdMove", 1], ["fourthMove", 4], ["fifthMove", 2]]
  ↳ app/controllers/api/data_controller.rb:17:in `save'
  [1m[36mTRANSACTION (11.8ms)[0m  [1m[36mcommit transaction[0m
  ↳ app/controllers/api/data_controller.rb:17:in `save'
Completed 200 OK in 117ms (Views: 1.0ms | ActiveRecord: 15.0ms | Allocations: 12233)


Started POST "/api/data/save" for 127.0.0.1 at 2024-04-09 16:11:59 +0200
Processing by Api::DataController#save as */*
  Parameters: {"game_data"=>[30, 7, 4, 5, 2, 1, 0, 8, 3, 6], "datum"=>{"game_data"=>[30, 7, 4, 5, 2, 1, 0, 8, 3, 6]}}
  [1m[36mTRANSACTION (0.5ms)[0m  [1m[36mbegin transaction[0m
  ↳ app/controllers/api/data_controller.rb:17:in `save'
  [1m[36mGamesPlayed Create (3.2ms)[0m  [1m[32mINSERT INTO "games_playeds" ("winner", "firstMove", "secondMove", "thirdMove", "fourthMove", "fifthMove", "sixthMove", "seventhMove", "eightMove", "ninthMove") VALUES (?, ?, ?, ?, ?, ?, ?, ?, ?, ?)[0m  [["winner", "X"], ["firstMove", 7], ["secondMove", 4], ["thirdMove", 5], ["fourthMove", 2], ["fifthMove", 1], ["sixthMove", 0], ["seventhMove", 8], ["eightMove", 3], ["ninthMove", 6]]
  ↳ app/controllers/api/data_controller.rb:17:in `save'
  [1m[36mTRANSACTION (20.4ms)[0m  [1m[36mcommit transaction[0m
  ↳ app/controllers/api/data_controller.rb:17:in `save'
Completed 200 OK in 60ms (Views: 1.3ms | ActiveRecord: 24.1ms | Allocations: 3770)


Started POST "/api/data/save" for 127.0.0.1 at 2024-04-09 16:12:10 +0200
Processing by Api::DataController#save as */*
  Parameters: {"game_data"=>[30, 0, 7, 8, 4, 6, 2, 3], "datum"=>{"game_data"=>[30, 0, 7, 8, 4, 6, 2, 3]}}
  [1m[36mTRANSACTION (0.7ms)[0m  [1m[36mbegin transaction[0m
  ↳ app/controllers/api/data_controller.rb:17:in `save'
  [1m[36mGamesPlayed Create (3.1ms)[0m  [1m[32mINSERT INTO "games_playeds" ("winner", "firstMove", "secondMove", "thirdMove", "fourthMove", "fifthMove", "sixthMove", "seventhMove") VALUES (?, ?, ?, ?, ?, ?, ?, ?)[0m  [["winner", "X"], ["firstMove", 0], ["secondMove", 7], ["thirdMove", 8], ["fourthMove", 4], ["fifthMove", 6], ["sixthMove", 2], ["seventhMove", 3]]
  ↳ app/controllers/api/data_controller.rb:17:in `save'
  [1m[36mTRANSACTION (20.0ms)[0m  [1m[36mcommit transaction[0m
  ↳ app/controllers/api/data_controller.rb:17:in `save'
Completed 200 OK in 57ms (Views: 1.7ms | ActiveRecord: 23.8ms | Allocations: 3738)


Started POST "/api/data/save" for 127.0.0.1 at 2024-04-09 16:12:39 +0200
Processing by Api::DataController#save as */*
  Parameters: {"game_data"=>[30, 8, 7, 2, 1, 6, 0, 4], "datum"=>{"game_data"=>[30, 8, 7, 2, 1, 6, 0, 4]}}
  [1m[36mTRANSACTION (1.1ms)[0m  [1m[36mbegin transaction[0m
  ↳ app/controllers/api/data_controller.rb:17:in `save'
  [1m[36mGamesPlayed Create (1.0ms)[0m  [1m[32mINSERT INTO "games_playeds" ("winner", "firstMove", "secondMove", "thirdMove", "fourthMove", "fifthMove", "sixthMove", "seventhMove") VALUES (?, ?, ?, ?, ?, ?, ?, ?)[0m  [["winner", "X"], ["firstMove", 8], ["secondMove", 7], ["thirdMove", 2], ["fourthMove", 1], ["fifthMove", 6], ["sixthMove", 0], ["seventhMove", 4]]
  ↳ app/controllers/api/data_controller.rb:17:in `save'
  [1m[36mTRANSACTION (9.7ms)[0m  [1m[36mcommit transaction[0m
  ↳ app/controllers/api/data_controller.rb:17:in `save'
Completed 200 OK in 38ms (Views: 0.4ms | ActiveRecord: 11.9ms | Allocations: 3738)


  [1m[35m (1.0ms)[0m  [1m[34mSELECT sqlite_version(*)[0m
  [1m[35m (0.4ms)[0m  [1m[34mSELECT "schema_migrations"."version" FROM "schema_migrations" ORDER BY "schema_migrations"."version" ASC[0m
  [1m[36mActiveRecord::InternalMetadata Load (1.2ms)[0m  [1m[34mSELECT "ar_internal_metadata".* FROM "ar_internal_metadata" WHERE "ar_internal_metadata"."key" = ? LIMIT ?[0m  [["key", "environment"], ["LIMIT", 1]]
  [1m[35m (0.1ms)[0m  [1m[34mSELECT sqlite_version(*)[0m
  [1m[35m (0.3ms)[0m  [1m[34mSELECT "schema_migrations"."version" FROM "schema_migrations" ORDER BY "schema_migrations"."version" ASC[0m
  [1m[35m (1.0ms)[0m  [1m[34mSELECT sqlite_version(*)[0m
  [1m[35m (0.5ms)[0m  [1m[34mSELECT "schema_migrations"."version" FROM "schema_migrations" ORDER BY "schema_migrations"."version" ASC[0m
  [1m[35m (0.3ms)[0m  [1m[34mSELECT "ar_internal_metadata"."value" FROM "ar_internal_metadata" WHERE "ar_internal_metadata"."key" = ?[0m  [["key", "environment"]]
  [1m[35m (0.2ms)[0m  [1m[34mSELECT "schema_migrations"."version" FROM "schema_migrations" ORDER BY "schema_migrations"."version" ASC[0m
  [1m[35m (0.3ms)[0m  [1m[34mSELECT "ar_internal_metadata"."value" FROM "ar_internal_metadata" WHERE "ar_internal_metadata"."key" = ?[0m  [["key", "environment"]]
  [1m[35m (0.3ms)[0m  [1m[34mSELECT "schema_migrations"."version" FROM "schema_migrations" ORDER BY "schema_migrations"."version" ASC[0m
  [1m[35m (0.3ms)[0m  [1m[34mSELECT "ar_internal_metadata"."value" FROM "ar_internal_metadata" WHERE "ar_internal_metadata"."key" = ?[0m  [["key", "environment"]]
  [1m[35m (3.4ms)[0m  [1m[34mSELECT sqlite_version(*)[0m
  [1m[35m (0.2ms)[0m  [1m[34mSELECT sqlite_version(*)[0m
  [1m[35m (0.1ms)[0m  [1m[34mSELECT sqlite_version(*)[0m
  [1m[35m (0.3ms)[0m  [1m[35mDROP TABLE IF EXISTS "games_playeds"[0m
  [1m[35m (12.8ms)[0m  [1m[35mCREATE TABLE "games_playeds" ("id" integer PRIMARY KEY AUTOINCREMENT NOT NULL, "winner" varchar, "firstMove" integer, "secondMove" integer, "thirdMove" integer, "fourthMove" integer, "fifthMove" integer, "sixthMove" integer, "seventhMove" integer, "eightMove" integer, "ninthMove" integer)[0m
  [1m[35m (9.1ms)[0m  [1m[35mCREATE TABLE "schema_migrations" ("version" varchar NOT NULL PRIMARY KEY)[0m
  [1m[35m (0.3ms)[0m  [1m[34mSELECT "schema_migrations"."version" FROM "schema_migrations" ORDER BY "schema_migrations"."version" ASC[0m
  [1m[35m (6.5ms)[0m  [1m[32mINSERT INTO "schema_migrations" (version) VALUES (20240409135614)[0m
  [1m[35m (7.9ms)[0m  [1m[35mCREATE TABLE "ar_internal_metadata" ("key" varchar NOT NULL PRIMARY KEY, "value" varchar, "created_at" datetime(6) NOT NULL, "updated_at" datetime(6) NOT NULL)[0m
  [1m[36mActiveRecord::InternalMetadata Load (0.3ms)[0m  [1m[34mSELECT "ar_internal_metadata".* FROM "ar_internal_metadata" WHERE "ar_internal_metadata"."key" = ? LIMIT ?[0m  [["key", "environment"], ["LIMIT", 1]]
  [1m[36mTRANSACTION (0.1ms)[0m  [1m[36mbegin transaction[0m
  [1m[36mActiveRecord::InternalMetadata Create (0.8ms)[0m  [1m[32mINSERT INTO "ar_internal_metadata" ("key", "value", "created_at", "updated_at") VALUES (?, ?, ?, ?)[0m  [["key", "environment"], ["value", "development"], ["created_at", "2024-04-09 14:21:36.268641"], ["updated_at", "2024-04-09 14:21:36.268641"]]
  [1m[36mTRANSACTION (7.4ms)[0m  [1m[36mcommit transaction[0m
  [1m[36mActiveRecord::InternalMetadata Load (0.3ms)[0m  [1m[34mSELECT "ar_internal_metadata".* FROM "ar_internal_metadata" WHERE "ar_internal_metadata"."key" = ? LIMIT ?[0m  [["key", "environment"], ["LIMIT", 1]]
  [1m[36mActiveRecord::InternalMetadata Load (0.2ms)[0m  [1m[34mSELECT "ar_internal_metadata".* FROM "ar_internal_metadata" WHERE "ar_internal_metadata"."key" = ? LIMIT ?[0m  [["key", "schema_sha1"], ["LIMIT", 1]]
  [1m[36mTRANSACTION (0.1ms)[0m  [1m[36mbegin transaction[0m
  [1m[36mActiveRecord::InternalMetadata Create (0.7ms)[0m  [1m[32mINSERT INTO "ar_internal_metadata" ("key", "value", "created_at", "updated_at") VALUES (?, ?, ?, ?)[0m  [["key", "schema_sha1"], ["value", "e7df44b3463cda7c78c326ded87acd127289d41f"], ["created_at", "2024-04-09 14:21:36.324169"], ["updated_at", "2024-04-09 14:21:36.324169"]]
  [1m[36mTRANSACTION (8.1ms)[0m  [1m[36mcommit transaction[0m
  [1m[35m (0.2ms)[0m  [1m[34mSELECT sqlite_version(*)[0m
  [1m[35m (0.2ms)[0m  [1m[35mDROP TABLE IF EXISTS "games_playeds"[0m
  [1m[35m (10.2ms)[0m  [1m[35mCREATE TABLE "games_playeds" ("id" integer PRIMARY KEY AUTOINCREMENT NOT NULL, "winner" varchar, "firstMove" integer, "secondMove" integer, "thirdMove" integer, "fourthMove" integer, "fifthMove" integer, "sixthMove" integer, "seventhMove" integer, "eightMove" integer, "ninthMove" integer)[0m
  [1m[35m (9.4ms)[0m  [1m[35mCREATE TABLE "schema_migrations" ("version" varchar NOT NULL PRIMARY KEY)[0m
  [1m[35m (0.1ms)[0m  [1m[34mSELECT "schema_migrations"."version" FROM "schema_migrations" ORDER BY "schema_migrations"."version" ASC[0m
  [1m[35m (8.5ms)[0m  [1m[32mINSERT INTO "schema_migrations" (version) VALUES (20240409135614)[0m
  [1m[35m (11.8ms)[0m  [1m[35mCREATE TABLE "ar_internal_metadata" ("key" varchar NOT NULL PRIMARY KEY, "value" varchar, "created_at" datetime(6) NOT NULL, "updated_at" datetime(6) NOT NULL)[0m
  [1m[36mActiveRecord::InternalMetadata Load (0.3ms)[0m  [1m[34mSELECT "ar_internal_metadata".* FROM "ar_internal_metadata" WHERE "ar_internal_metadata"."key" = ? LIMIT ?[0m  [["key", "environment"], ["LIMIT", 1]]
  [1m[36mTRANSACTION (0.1ms)[0m  [1m[36mbegin transaction[0m
  [1m[36mActiveRecord::InternalMetadata Create (0.5ms)[0m  [1m[32mINSERT INTO "ar_internal_metadata" ("key", "value", "created_at", "updated_at") VALUES (?, ?, ?, ?)[0m  [["key", "environment"], ["value", "development"], ["created_at", "2024-04-09 14:21:36.486824"], ["updated_at", "2024-04-09 14:21:36.486824"]]
  [1m[36mTRANSACTION (8.7ms)[0m  [1m[36mcommit transaction[0m
  [1m[36mActiveRecord::InternalMetadata Load (0.3ms)[0m  [1m[34mSELECT "ar_internal_metadata".* FROM "ar_internal_metadata" WHERE "ar_internal_metadata"."key" = ? LIMIT ?[0m  [["key", "environment"], ["LIMIT", 1]]
  [1m[36mTRANSACTION (0.1ms)[0m  [1m[36mbegin transaction[0m
  [1m[36mActiveRecord::InternalMetadata Update (0.7ms)[0m  [1m[33mUPDATE "ar_internal_metadata" SET "value" = ?, "updated_at" = ? WHERE "ar_internal_metadata"."key" = ?[0m  [["value", "test"], ["updated_at", "2024-04-09 14:21:36.513051"], ["key", "environment"]]
  [1m[36mTRANSACTION (6.9ms)[0m  [1m[36mcommit transaction[0m
  [1m[36mActiveRecord::InternalMetadata Load (0.3ms)[0m  [1m[34mSELECT "ar_internal_metadata".* FROM "ar_internal_metadata" WHERE "ar_internal_metadata"."key" = ? LIMIT ?[0m  [["key", "schema_sha1"], ["LIMIT", 1]]
  [1m[36mTRANSACTION (0.1ms)[0m  [1m[36mbegin transaction[0m
  [1m[36mActiveRecord::InternalMetadata Create (1.3ms)[0m  [1m[32mINSERT INTO "ar_internal_metadata" ("key", "value", "created_at", "updated_at") VALUES (?, ?, ?, ?)[0m  [["key", "schema_sha1"], ["value", "e7df44b3463cda7c78c326ded87acd127289d41f"], ["created_at", "2024-04-09 14:21:36.535706"], ["updated_at", "2024-04-09 14:21:36.535706"]]
  [1m[36mTRANSACTION (6.2ms)[0m  [1m[36mcommit transaction[0m
  [1m[35m (0.3ms)[0m  [1m[34mSELECT sqlite_version(*)[0m
  [1m[35m (0.1ms)[0m  [1m[34mSELECT "schema_migrations"."version" FROM "schema_migrations" ORDER BY "schema_migrations"."version" ASC[0m
Started POST "/api/data/save" for 127.0.0.1 at 2024-04-09 16:22:19 +0200
  [1m[35m (1.3ms)[0m  [1m[34mSELECT sqlite_version(*)[0m
  [1m[35m (0.2ms)[0m  [1m[34mSELECT "schema_migrations"."version" FROM "schema_migrations" ORDER BY "schema_migrations"."version" ASC[0m
Processing by Api::DataController#save as */*
  Parameters: {"game_data"=>["player", "player", 30, 0, 3, 1, 4, 2], "datum"=>{"game_data"=>["player", "player", 30, 0, 3, 1, 4, 2]}}
Completed 200 OK in 32ms (Views: 0.5ms | ActiveRecord: 0.8ms | Allocations: 8506)


  [1m[35m (1.2ms)[0m  [1m[34mSELECT sqlite_version(*)[0m
  [1m[35m (0.3ms)[0m  [1m[34mSELECT "schema_migrations"."version" FROM "schema_migrations" ORDER BY "schema_migrations"."version" ASC[0m
  [1m[35m (0.4ms)[0m  [1m[34mSELECT "ar_internal_metadata"."value" FROM "ar_internal_metadata" WHERE "ar_internal_metadata"."key" = ?[0m  [["key", "environment"]]
  [1m[35m (0.3ms)[0m  [1m[34mSELECT "schema_migrations"."version" FROM "schema_migrations" ORDER BY "schema_migrations"."version" ASC[0m
  [1m[35m (0.2ms)[0m  [1m[34mSELECT "ar_internal_metadata"."value" FROM "ar_internal_metadata" WHERE "ar_internal_metadata"."key" = ?[0m  [["key", "environment"]]
  [1m[35m (0.2ms)[0m  [1m[34mSELECT "schema_migrations"."version" FROM "schema_migrations" ORDER BY "schema_migrations"."version" ASC[0m
  [1m[35m (0.2ms)[0m  [1m[34mSELECT "ar_internal_metadata"."value" FROM "ar_internal_metadata" WHERE "ar_internal_metadata"."key" = ?[0m  [["key", "environment"]]
  [1m[35m (0.3ms)[0m  [1m[34mSELECT sqlite_version(*)[0m
  [1m[35m (0.2ms)[0m  [1m[34mSELECT sqlite_version(*)[0m
  [1m[35m (0.1ms)[0m  [1m[34mSELECT sqlite_version(*)[0m
  [1m[35m (0.3ms)[0m  [1m[35mDROP TABLE IF EXISTS "games_playeds"[0m
  [1m[35m (13.3ms)[0m  [1m[35mCREATE TABLE "games_playeds" ("id" integer PRIMARY KEY AUTOINCREMENT NOT NULL, "winner" varchar, "firstMove" integer, "secondMove" integer, "thirdMove" integer, "fourthMove" integer, "fifthMove" integer, "sixthMove" integer, "seventhMove" integer, "eightMove" integer, "ninthMove" integer)[0m
  [1m[35m (11.8ms)[0m  [1m[35mCREATE TABLE "schema_migrations" ("version" varchar NOT NULL PRIMARY KEY)[0m
  [1m[35m (2.5ms)[0m  [1m[34mSELECT "schema_migrations"."version" FROM "schema_migrations" ORDER BY "schema_migrations"."version" ASC[0m
  [1m[35m (8.1ms)[0m  [1m[32mINSERT INTO "schema_migrations" (version) VALUES (20240409135614)[0m
  [1m[35m (13.7ms)[0m  [1m[35mCREATE TABLE "ar_internal_metadata" ("key" varchar NOT NULL PRIMARY KEY, "value" varchar, "created_at" datetime(6) NOT NULL, "updated_at" datetime(6) NOT NULL)[0m
  [1m[36mActiveRecord::InternalMetadata Load (0.6ms)[0m  [1m[34mSELECT "ar_internal_metadata".* FROM "ar_internal_metadata" WHERE "ar_internal_metadata"."key" = ? LIMIT ?[0m  [["key", "environment"], ["LIMIT", 1]]
  [1m[36mTRANSACTION (0.2ms)[0m  [1m[36mbegin transaction[0m
  [1m[36mActiveRecord::InternalMetadata Create (1.0ms)[0m  [1m[32mINSERT INTO "ar_internal_metadata" ("key", "value", "created_at", "updated_at") VALUES (?, ?, ?, ?)[0m  [["key", "environment"], ["value", "development"], ["created_at", "2024-04-09 14:23:51.491165"], ["updated_at", "2024-04-09 14:23:51.491165"]]
  [1m[36mTRANSACTION (8.5ms)[0m  [1m[36mcommit transaction[0m
  [1m[36mActiveRecord::InternalMetadata Load (0.4ms)[0m  [1m[34mSELECT "ar_internal_metadata".* FROM "ar_internal_metadata" WHERE "ar_internal_metadata"."key" = ? LIMIT ?[0m  [["key", "environment"], ["LIMIT", 1]]
  [1m[36mActiveRecord::InternalMetadata Load (0.2ms)[0m  [1m[34mSELECT "ar_internal_metadata".* FROM "ar_internal_metadata" WHERE "ar_internal_metadata"."key" = ? LIMIT ?[0m  [["key", "schema_sha1"], ["LIMIT", 1]]
  [1m[36mTRANSACTION (0.1ms)[0m  [1m[36mbegin transaction[0m
  [1m[36mActiveRecord::InternalMetadata Create (1.2ms)[0m  [1m[32mINSERT INTO "ar_internal_metadata" ("key", "value", "created_at", "updated_at") VALUES (?, ?, ?, ?)[0m  [["key", "schema_sha1"], ["value", "e7df44b3463cda7c78c326ded87acd127289d41f"], ["created_at", "2024-04-09 14:23:51.528905"], ["updated_at", "2024-04-09 14:23:51.528905"]]
  [1m[36mTRANSACTION (9.3ms)[0m  [1m[36mcommit transaction[0m
  [1m[35m (0.1ms)[0m  [1m[34mSELECT sqlite_version(*)[0m
  [1m[35m (0.2ms)[0m  [1m[35mDROP TABLE IF EXISTS "games_playeds"[0m
  [1m[35m (10.8ms)[0m  [1m[35mCREATE TABLE "games_playeds" ("id" integer PRIMARY KEY AUTOINCREMENT NOT NULL, "winner" varchar, "firstMove" integer, "secondMove" integer, "thirdMove" integer, "fourthMove" integer, "fifthMove" integer, "sixthMove" integer, "seventhMove" integer, "eightMove" integer, "ninthMove" integer)[0m
  [1m[35m (11.9ms)[0m  [1m[35mCREATE TABLE "schema_migrations" ("version" varchar NOT NULL PRIMARY KEY)[0m
  [1m[35m (0.1ms)[0m  [1m[34mSELECT "schema_migrations"."version" FROM "schema_migrations" ORDER BY "schema_migrations"."version" ASC[0m
  [1m[35m (9.7ms)[0m  [1m[32mINSERT INTO "schema_migrations" (version) VALUES (20240409135614)[0m
  [1m[35m (9.2ms)[0m  [1m[35mCREATE TABLE "ar_internal_metadata" ("key" varchar NOT NULL PRIMARY KEY, "value" varchar, "created_at" datetime(6) NOT NULL, "updated_at" datetime(6) NOT NULL)[0m
  [1m[36mActiveRecord::InternalMetadata Load (0.3ms)[0m  [1m[34mSELECT "ar_internal_metadata".* FROM "ar_internal_metadata" WHERE "ar_internal_metadata"."key" = ? LIMIT ?[0m  [["key", "environment"], ["LIMIT", 1]]
  [1m[36mTRANSACTION (0.1ms)[0m  [1m[36mbegin transaction[0m
  [1m[36mActiveRecord::InternalMetadata Create (0.9ms)[0m  [1m[32mINSERT INTO "ar_internal_metadata" ("key", "value", "created_at", "updated_at") VALUES (?, ?, ?, ?)[0m  [["key", "environment"], ["value", "development"], ["created_at", "2024-04-09 14:23:51.628128"], ["updated_at", "2024-04-09 14:23:51.628128"]]
  [1m[36mTRANSACTION (10.4ms)[0m  [1m[36mcommit transaction[0m
  [1m[36mActiveRecord::InternalMetadata Load (0.2ms)[0m  [1m[34mSELECT "ar_internal_metadata".* FROM "ar_internal_metadata" WHERE "ar_internal_metadata"."key" = ? LIMIT ?[0m  [["key", "environment"], ["LIMIT", 1]]
  [1m[36mTRANSACTION (0.1ms)[0m  [1m[36mbegin transaction[0m
  [1m[36mActiveRecord::InternalMetadata Update (0.6ms)[0m  [1m[33mUPDATE "ar_internal_metadata" SET "value" = ?, "updated_at" = ? WHERE "ar_internal_metadata"."key" = ?[0m  [["value", "test"], ["updated_at", "2024-04-09 14:23:51.655980"], ["key", "environment"]]
  [1m[36mTRANSACTION (9.6ms)[0m  [1m[36mcommit transaction[0m
  [1m[36mActiveRecord::InternalMetadata Load (0.3ms)[0m  [1m[34mSELECT "ar_internal_metadata".* FROM "ar_internal_metadata" WHERE "ar_internal_metadata"."key" = ? LIMIT ?[0m  [["key", "schema_sha1"], ["LIMIT", 1]]
  [1m[36mTRANSACTION (0.1ms)[0m  [1m[36mbegin transaction[0m
  [1m[36mActiveRecord::InternalMetadata Create (0.7ms)[0m  [1m[32mINSERT INTO "ar_internal_metadata" ("key", "value", "created_at", "updated_at") VALUES (?, ?, ?, ?)[0m  [["key", "schema_sha1"], ["value", "e7df44b3463cda7c78c326ded87acd127289d41f"], ["created_at", "2024-04-09 14:23:51.687772"], ["updated_at", "2024-04-09 14:23:51.687772"]]
  [1m[36mTRANSACTION (7.8ms)[0m  [1m[36mcommit transaction[0m
  [1m[35m (0.1ms)[0m  [1m[34mSELECT sqlite_version(*)[0m
  [1m[35m (0.3ms)[0m  [1m[34mSELECT "schema_migrations"."version" FROM "schema_migrations" ORDER BY "schema_migrations"."version" ASC[0m
Started POST "/api/data/save" for 127.0.0.1 at 2024-04-09 16:24:01 +0200
  [1m[35m (1.3ms)[0m  [1m[34mSELECT sqlite_version(*)[0m
  [1m[35m (0.2ms)[0m  [1m[34mSELECT "schema_migrations"."version" FROM "schema_migrations" ORDER BY "schema_migrations"."version" ASC[0m
Processing by Api::DataController#save as */*
  Parameters: {"game_data"=>["player", "player", "X", 0, 3, 1, 4, 2], "datum"=>{"game_data"=>["player", "player", "X", 0, 3, 1, 4, 2]}}
Completed 200 OK in 25ms (Views: 0.4ms | ActiveRecord: 0.8ms | Allocations: 8505)


Started POST "/api/data/save" for 127.0.0.1 at 2024-04-09 16:24:17 +0200
Processing by Api::DataController#save as */*
  Parameters: {"game_data"=>["player", "player", "O", 0, 6, 7, 2, 5, 4], "datum"=>{"game_data"=>["player", "player", "O", 0, 6, 7, 2, 5, 4]}}
Completed 200 OK in 3ms (Views: 0.6ms | ActiveRecord: 0.0ms | Allocations: 172)


Started POST "/api/data/save" for 127.0.0.1 at 2024-04-09 16:24:42 +0200
Processing by Api::DataController#save as */*
  Parameters: {"game_data"=>["player", "player", "X", 0, 3, 1, 4, 2], "datum"=>{"game_data"=>["player", "player", "X", 0, 3, 1, 4, 2]}}
Completed 200 OK in 3ms (Views: 0.7ms | ActiveRecord: 0.0ms | Allocations: 169)


Started POST "/api/data/save" for 127.0.0.1 at 2024-04-09 16:25:44 +0200
  [1m[35m (1.6ms)[0m  [1m[34mSELECT sqlite_version(*)[0m
  [1m[35m (0.4ms)[0m  [1m[34mSELECT "schema_migrations"."version" FROM "schema_migrations" ORDER BY "schema_migrations"."version" ASC[0m
Processing by Api::DataController#save as */*
  Parameters: {"game_data"=>["player", "player", "X", 0, 3, 1, 4, 2], "datum"=>{"game_data"=>["player", "player", "X", 0, 3, 1, 4, 2]}}
Completed 200 OK in 11ms (Views: 0.4ms | ActiveRecord: 0.0ms | Allocations: 2719)


Started POST "/api/data/save" for 127.0.0.1 at 2024-04-09 16:26:15 +0200
  [1m[35m (1.8ms)[0m  [1m[34mSELECT sqlite_version(*)[0m
  [1m[35m (0.4ms)[0m  [1m[34mSELECT "schema_migrations"."version" FROM "schema_migrations" ORDER BY "schema_migrations"."version" ASC[0m
Processing by Api::DataController#save as */*
  Parameters: {"game_data"=>["player", "player", "X", 0, 3, 4, 7, 8], "datum"=>{"game_data"=>["player", "player", "X", 0, 3, 4, 7, 8]}}
Completed 200 OK in 11ms (Views: 0.6ms | ActiveRecord: 0.0ms | Allocations: 2719)


Started POST "/api/data/save" for 127.0.0.1 at 2024-04-10 13:17:24 +0200
  [1m[35m (1.7ms)[0m  [1m[34mSELECT sqlite_version(*)[0m
  [1m[35m (1.1ms)[0m  [1m[34mSELECT "schema_migrations"."version" FROM "schema_migrations" ORDER BY "schema_migrations"."version" ASC[0m
Processing by Api::DataController#save as */*
  Parameters: {"game_data"=>["player", "player", "X", 0, 3, 1, 4, 2], "datum"=>{"game_data"=>["player", "player", "X", 0, 3, 1, 4, 2]}}
Completed 200 OK in 44ms (Views: 0.5ms | ActiveRecord: 1.0ms | Allocations: 8493)


Started POST "/api/data/save" for 127.0.0.1 at 2024-04-10 13:18:08 +0200
Processing by Api::DataController#save as */*
  Parameters: {"game_data"=>["player", "player", "X", 0, 3, 1, 4, 2], "datum"=>{"game_data"=>["player", "player", "X", 0, 3, 1, 4, 2]}}
Completed 200 OK in 3ms (Views: 1.2ms | ActiveRecord: 0.0ms | Allocations: 160)


Started POST "/api/data/save" for 127.0.0.1 at 2024-04-10 13:18:16 +0200
Processing by Api::DataController#save as */*
  Parameters: {"game_data"=>["player", "player", "O", 3, 6, 4, 7, 1, 8], "datum"=>{"game_data"=>["player", "player", "O", 3, 6, 4, 7, 1, 8]}}
Completed 200 OK in 2ms (Views: 0.4ms | ActiveRecord: 0.0ms | Allocations: 158)


Started POST "/api/data/save" for 127.0.0.1 at 2024-04-10 13:20:11 +0200
Processing by Api::DataController#save as */*
  Parameters: {"game_data"=>["player", "player", "X", 0, 3, 1, 4, 2], "datum"=>{"game_data"=>["player", "player", "X", 0, 3, 1, 4, 2]}}
Completed 200 OK in 5ms (Views: 1.3ms | ActiveRecord: 0.0ms | Allocations: 158)


Started POST "/api/data/save" for 127.0.0.1 at 2024-04-10 13:20:17 +0200
Processing by Api::DataController#save as */*
  Parameters: {"game_data"=>["player", "player", "X", 3, 6, 4, 7, 5], "datum"=>{"game_data"=>["player", "player", "X", 3, 6, 4, 7, 5]}}
Completed 200 OK in 2ms (Views: 0.7ms | ActiveRecord: 0.0ms | Allocations: 148)


Started POST "/api/data/save" for 127.0.0.1 at 2024-04-10 13:20:35 +0200
Processing by Api::DataController#save as */*
  Parameters: {"game_data"=>["player", "player", "X", 0, 3, 1, 4, 2], "datum"=>{"game_data"=>["player", "player", "X", 0, 3, 1, 4, 2]}}
Completed 200 OK in 2ms (Views: 0.4ms | ActiveRecord: 0.0ms | Allocations: 158)


Started POST "/api/data/save" for 127.0.0.1 at 2024-04-10 13:51:44 +0200
  [1m[35m (1.2ms)[0m  [1m[34mSELECT sqlite_version(*)[0m
  [1m[35m (1.4ms)[0m  [1m[34mSELECT "schema_migrations"."version" FROM "schema_migrations" ORDER BY "schema_migrations"."version" ASC[0m
Processing by Api::DataController#save as */*
  Parameters: {"game_data"=>["random", "random", "O", 7, 6, 2, 5, 1, 3, 8, 0], "datum"=>{"game_data"=>["random", "random", "O", 7, 6, 2, 5, 1, 3, 8, 0]}}
Completed 200 OK in 36ms (Views: 0.6ms | ActiveRecord: 1.4ms | Allocations: 8493)


Started POST "/api/data/save" for 127.0.0.1 at 2024-04-10 13:57:49 +0200
  [1m[35m (0.8ms)[0m  [1m[34mSELECT sqlite_version(*)[0m
  [1m[35m (0.7ms)[0m  [1m[34mSELECT "schema_migrations"."version" FROM "schema_migrations" ORDER BY "schema_migrations"."version" ASC[0m
Processing by Api::DataController#save as */*
  Parameters: {"game_data"=>["player", "player", "O", 0, 3, 1, 4, 7, 5], "datum"=>{"game_data"=>["player", "player", "O", 0, 3, 1, 4, 7, 5]}}
Completed 200 OK in 31ms (Views: 0.7ms | ActiveRecord: 1.0ms | Allocations: 8493)


Started POST "/api/data/save" for 127.0.0.1 at 2024-04-10 13:59:35 +0200
  [1m[35m (0.6ms)[0m  [1m[34mSELECT sqlite_version(*)[0m
  [1m[35m (0.3ms)[0m  [1m[34mSELECT "schema_migrations"."version" FROM "schema_migrations" ORDER BY "schema_migrations"."version" ASC[0m
Processing by Api::DataController#save as */*
  Parameters: {"game_data"=>["player", "player", "X", 0, 3, 1, 4, 2], "datum"=>{"game_data"=>["player", "player", "X", 0, 3, 1, 4, 2]}}
Completed 200 OK in 27ms (Views: 0.4ms | ActiveRecord: 1.0ms | Allocations: 8493)


Started POST "/api/data/save" for 127.0.0.1 at 2024-04-10 14:01:25 +0200
  [1m[35m (2.1ms)[0m  [1m[34mSELECT sqlite_version(*)[0m
  [1m[35m (0.7ms)[0m  [1m[34mSELECT "schema_migrations"."version" FROM "schema_migrations" ORDER BY "schema_migrations"."version" ASC[0m
  [1m[36mGamesPlayed Load (0.6ms)[0m  [1m[34mSELECT "games_playeds".* FROM "games_playeds" ORDER BY "games_playeds"."id" ASC LIMIT ?[0m  [["LIMIT", 1]]
  ↳ app/controllers/api/data_controller.rb:2:in `<class:DataController>'
  
TypeError (no implicit conversion of nil into String):
  
app/controllers/api/data_controller.rb:2:in `+'
app/controllers/api/data_controller.rb:2:in `<class:DataController>'
app/controllers/api/data_controller.rb:1:in `<main>'
Started POST "/api/data/save" for 127.0.0.1 at 2024-04-10 14:01:33 +0200
  [1m[36mGamesPlayed Load (0.2ms)[0m  [1m[34mSELECT "games_playeds".* FROM "games_playeds" ORDER BY "games_playeds"."id" ASC LIMIT ?[0m  [["LIMIT", 1]]
  ↳ app/controllers/api/data_controller.rb:2:in `<class:DataController>'
  
TypeError (no implicit conversion of nil into String):
  
app/controllers/api/data_controller.rb:2:in `+'
app/controllers/api/data_controller.rb:2:in `<class:DataController>'
app/controllers/api/data_controller.rb:1:in `<main>'
Started POST "/api/data/save" for 127.0.0.1 at 2024-04-10 14:01:54 +0200
  [1m[35m (0.1ms)[0m  [1m[34mSELECT sqlite_version(*)[0m
  ↳ app/controllers/api/data_controller.rb:2:in `<class:DataController>'
  [1m[36mGamesPlayed Load (0.4ms)[0m  [1m[34mSELECT "games_playeds".* FROM "games_playeds" ORDER BY "games_playeds"."id" ASC LIMIT ?[0m  [["LIMIT", 1]]
  ↳ app/controllers/api/data_controller.rb:2:in `<class:DataController>'
Processing by Api::DataController#save as */*
  Parameters: {"game_data"=>["player", "player", "X", 3, 7, 4, 8, 5], "datum"=>{"game_data"=>["player", "player", "X", 3, 7, 4, 8, 5]}}
Completed 200 OK in 26ms (Views: 0.4ms | ActiveRecord: 0.9ms | Allocations: 7453)


Started POST "/api/data/save" for 127.0.0.1 at 2024-04-10 14:25:59 +0200
  [1m[35m (1.5ms)[0m  [1m[34mSELECT sqlite_version(*)[0m
  [1m[35m (0.2ms)[0m  [1m[34mSELECT "schema_migrations"."version" FROM "schema_migrations" ORDER BY "schema_migrations"."version" ASC[0m
Processing by Api::DataController#save as */*
  Parameters: {"game_data"=>["player", "player", "X", 0, 3, 1, 4, 2], "datum"=>{"game_data"=>["player", "player", "X", 0, 3, 1, 4, 2]}}
Completed 200 OK in 27ms (Views: 0.4ms | ActiveRecord: 0.8ms | Allocations: 8493)


Started POST "/api/data/save" for 127.0.0.1 at 2024-04-10 14:26:17 +0200
Processing by Api::DataController#save as */*
  Parameters: {"game_data"=>["player", "player", "O", 5, 3, 7, 6, 8, 2, 1, 4], "datum"=>{"game_data"=>["player", "player", "O", 5, 3, 7, 6, 8, 2, 1, 4]}}
Completed 200 OK in 1ms (Views: 0.3ms | ActiveRecord: 0.0ms | Allocations: 160)


